{"numTotalTestSuites":119,"numPassedTestSuites":112,"numFailedTestSuites":7,"numPendingTestSuites":0,"numTotalTests":299,"numPassedTests":296,"numFailedTests":3,"numPendingTests":0,"numTodoTests":0,"snapshot":{"added":0,"failure":false,"filesAdded":0,"filesRemoved":0,"filesRemovedList":[],"filesUnmatched":0,"filesUpdated":0,"matched":0,"total":0,"unchecked":0,"uncheckedKeysByFile":[],"unmatched":0,"updated":0,"didUpdate":false},"startTime":1754758439996,"success":false,"testResults":[{"assertionResults":[{"ancestorTitles":["Hook Integration Tests","Correlation + Transaction Integration"],"fullName":"Hook Integration Tests Correlation + Transaction Integration should use correlation context in transaction execution","status":"passed","title":"should use correlation context in transaction execution","duration":10.760166000000027,"failureMessages":[],"meta":{}},{"ancestorTitles":["Hook Integration Tests","Correlation + Transaction Integration"],"fullName":"Hook Integration Tests Correlation + Transaction Integration should create child correlation for nested transactions","status":"passed","title":"should create child correlation for nested transactions","duration":2.4559999999999036,"failureMessages":[],"meta":{}},{"ancestorTitles":["Hook Integration Tests","Correlation + Transaction Integration"],"fullName":"Hook Integration Tests Correlation + Transaction Integration should handle concurrent transactions with same correlation context","status":"passed","title":"should handle concurrent transactions with same correlation context","duration":8.69808399999988,"failureMessages":[],"meta":{}},{"ancestorTitles":["Hook Integration Tests","Correlation + SignalR Integration"],"fullName":"Hook Integration Tests Correlation + SignalR Integration should include correlation headers in SignalR connection","status":"passed","title":"should include correlation headers in SignalR connection","duration":2.2563749999999345,"failureMessages":[],"meta":{}},{"ancestorTitles":["Hook Integration Tests","Correlation + SignalR Integration"],"fullName":"Hook Integration Tests Correlation + SignalR Integration should track correlation context in SignalR event handlers","status":"passed","title":"should track correlation context in SignalR event handlers","duration":0.8883749999999964,"failureMessages":[],"meta":{}},{"ancestorTitles":["Hook Integration Tests","Transaction + SignalR Integration"],"fullName":"Hook Integration Tests Transaction + SignalR Integration should handle real-time updates affecting ongoing transactions","status":"passed","title":"should handle real-time updates affecting ongoing transactions","duration":4.44504199999983,"failureMessages":[],"meta":{}},{"ancestorTitles":["Hook Integration Tests","Full Enterprise Integration Scenarios"],"fullName":"Hook Integration Tests Full Enterprise Integration Scenarios should handle complete pet adoption workflow","status":"passed","title":"should handle complete pet adoption workflow","duration":12.228124999999864,"failureMessages":[],"meta":{}},{"ancestorTitles":["Hook Integration Tests","Full Enterprise Integration Scenarios"],"fullName":"Hook Integration Tests Full Enterprise Integration Scenarios should handle service booking with event capacity updates","status":"passed","title":"should handle service booking with event capacity updates","duration":1.3118749999998727,"failureMessages":[],"meta":{}},{"ancestorTitles":["Hook Integration Tests","Performance Integration Tests"],"fullName":"Hook Integration Tests Performance Integration Tests should handle multiple hooks without performance degradation","status":"passed","title":"should handle multiple hooks without performance degradation","duration":20.05816700000014,"failureMessages":[],"meta":{}},{"ancestorTitles":["Hook Integration Tests","Performance Integration Tests"],"fullName":"Hook Integration Tests Performance Integration Tests should handle hook cleanup without memory leaks","status":"passed","title":"should handle hook cleanup without memory leaks","duration":8.080459000000019,"failureMessages":[],"meta":{}},{"ancestorTitles":["Hook Integration Tests","Error Handling Integration"],"fullName":"Hook Integration Tests Error Handling Integration should handle cascading errors across hooks gracefully","status":"passed","title":"should handle cascading errors across hooks gracefully","duration":3.700166999999965,"failureMessages":[],"meta":{}},{"ancestorTitles":["Hook Integration Tests","Error Handling Integration"],"fullName":"Hook Integration Tests Error Handling Integration should maintain correlation context during error recovery","status":"passed","title":"should maintain correlation context during error recovery","duration":2.55858400000011,"failureMessages":[],"meta":{}}],"startTime":1754758441080,"endTime":1754758441157.5586,"status":"passed","message":"","name":"/Users/robsoto/Developer/Projects/PetLoveCommunity/petlovecommunity-web/src/hooks/__tests__/integration.test.ts"},{"assertionResults":[{"ancestorTitles":["useCorrelation Hook Integration Tests","Hook Initialization"],"fullName":"useCorrelation Hook Integration Tests Hook Initialization should initialize with correlation state from Redux store","status":"passed","title":"should initialize with correlation state from Redux store","duration":10.340459000000124,"failureMessages":[],"meta":{}},{"ancestorTitles":["useCorrelation Hook Integration Tests","Hook Initialization"],"fullName":"useCorrelation Hook Integration Tests Hook Initialization should provide all expected methods","status":"passed","title":"should provide all expected methods","duration":0.9204580000000533,"failureMessages":[],"meta":{}},{"ancestorTitles":["useCorrelation Hook Integration Tests","Context Creation"],"fullName":"useCorrelation Hook Integration Tests Context Creation should create new correlation context with userId","status":"passed","title":"should create new correlation context with userId","duration":2.6555419999999685,"failureMessages":[],"meta":{}},{"ancestorTitles":["useCorrelation Hook Integration Tests","Context Creation"],"fullName":"useCorrelation Hook Integration Tests Context Creation should create new correlation context with userId and parentId","status":"passed","title":"should create new correlation context with userId and parentId","duration":1.0136670000001686,"failureMessages":[],"meta":{}},{"ancestorTitles":["useCorrelation Hook Integration Tests","Context Creation"],"fullName":"useCorrelation Hook Integration Tests Context Creation should create child correlation context","status":"passed","title":"should create child correlation context","duration":0.9314170000000104,"failureMessages":[],"meta":{}},{"ancestorTitles":["useCorrelation Hook Integration Tests","User ID Management"],"fullName":"useCorrelation Hook Integration Tests User ID Management should update user ID in context and service","status":"passed","title":"should update user ID in context and service","duration":0.8348750000000109,"failureMessages":[],"meta":{}},{"ancestorTitles":["useCorrelation Hook Integration Tests","Request Headers"],"fullName":"useCorrelation Hook Integration Tests Request Headers should get request headers for current context","status":"passed","title":"should get request headers for current context","duration":0.6390000000001237,"failureMessages":[],"meta":{}},{"ancestorTitles":["useCorrelation Hook Integration Tests","Request Headers"],"fullName":"useCorrelation Hook Integration Tests Request Headers should get request headers for specific correlation ID","status":"passed","title":"should get request headers for specific correlation ID","duration":0.5619999999998981,"failureMessages":[],"meta":{}},{"ancestorTitles":["useCorrelation Hook Integration Tests","Context Retrieval"],"fullName":"useCorrelation Hook Integration Tests Context Retrieval should get current context when no correlationId provided","status":"passed","title":"should get current context when no correlationId provided","duration":0.6020000000000891,"failureMessages":[],"meta":{}},{"ancestorTitles":["useCorrelation Hook Integration Tests","Context Retrieval"],"fullName":"useCorrelation Hook Integration Tests Context Retrieval should get specific context by correlationId","status":"passed","title":"should get specific context by correlationId","duration":0.48679200000015044,"failureMessages":[],"meta":{}},{"ancestorTitles":["useCorrelation Hook Integration Tests","Context Retrieval"],"fullName":"useCorrelation Hook Integration Tests Context Retrieval should get context history","status":"passed","title":"should get context history","duration":0.49779100000000653,"failureMessages":[],"meta":{}},{"ancestorTitles":["useCorrelation Hook Integration Tests","Edge Cases and Error Handling"],"fullName":"useCorrelation Hook Integration Tests Edge Cases and Error Handling should handle missing Redux provider gracefully","status":"passed","title":"should handle missing Redux provider gracefully","duration":0.4895000000001346,"failureMessages":[],"meta":{}},{"ancestorTitles":["useCorrelation Hook Integration Tests","Edge Cases and Error Handling"],"fullName":"useCorrelation Hook Integration Tests Edge Cases and Error Handling should handle correlation service errors gracefully","status":"passed","title":"should handle correlation service errors gracefully","duration":0.8513330000000678,"failureMessages":[],"meta":{}},{"ancestorTitles":["useCorrelation Hook Integration Tests","Edge Cases and Error Handling"],"fullName":"useCorrelation Hook Integration Tests Edge Cases and Error Handling should handle undefined correlation context","status":"passed","title":"should handle undefined correlation context","duration":0.827541999999994,"failureMessages":[],"meta":{}},{"ancestorTitles":["useCorrelation Hook Integration Tests","Redux Integration"],"fullName":"useCorrelation Hook Integration Tests Redux Integration should dispatch correct actions when creating context","status":"passed","title":"should dispatch correct actions when creating context","duration":0.6162090000000262,"failureMessages":[],"meta":{}},{"ancestorTitles":["useCorrelation Hook Integration Tests","Redux Integration"],"fullName":"useCorrelation Hook Integration Tests Redux Integration should reflect state changes in hook return values","status":"passed","title":"should reflect state changes in hook return values","duration":0.5376659999999447,"failureMessages":[],"meta":{}},{"ancestorTitles":["useCorrelation Hook Integration Tests","Performance and Memory"],"fullName":"useCorrelation Hook Integration Tests Performance and Memory should not cause unnecessary re-renders","status":"passed","title":"should not cause unnecessary re-renders","duration":0.6673329999998714,"failureMessages":[],"meta":{}},{"ancestorTitles":["useCorrelation Hook Integration Tests","Performance and Memory"],"fullName":"useCorrelation Hook Integration Tests Performance and Memory should provide consistent method types across renders","status":"passed","title":"should provide consistent method types across renders","duration":0.731708000000026,"failureMessages":[],"meta":{}}],"startTime":1754758441066,"endTime":1754758441090.7317,"status":"passed","message":"","name":"/Users/robsoto/Developer/Projects/PetLoveCommunity/petlovecommunity-web/src/hooks/__tests__/useCorrelation.test.ts"},{"assertionResults":[{"ancestorTitles":["useSignalR Hook Integration Tests","Hook Initialization"],"fullName":"useSignalR Hook Integration Tests Hook Initialization should initialize with default options and disconnected state","status":"passed","title":"should initialize with default options and disconnected state","duration":7.106041000000118,"failureMessages":[],"meta":{}},{"ancestorTitles":["useSignalR Hook Integration Tests","Hook Initialization"],"fullName":"useSignalR Hook Integration Tests Hook Initialization should provide all expected methods","status":"passed","title":"should provide all expected methods","duration":1.0718340000000808,"failureMessages":[],"meta":{}},{"ancestorTitles":["useSignalR Hook Integration Tests","Hook Initialization"],"fullName":"useSignalR Hook Integration Tests Hook Initialization should initialize with custom options","status":"passed","title":"should initialize with custom options","duration":0.8840410000000247,"failureMessages":[],"meta":{}},{"ancestorTitles":["useSignalR Hook Integration Tests","Hook Initialization"],"fullName":"useSignalR Hook Integration Tests Hook Initialization should integrate with useCorrelation hook","status":"passed","title":"should integrate with useCorrelation hook","duration":0.9361249999999472,"failureMessages":[],"meta":{}},{"ancestorTitles":["useSignalR Hook Integration Tests","Connection Management"],"fullName":"useSignalR Hook Integration Tests Connection Management should connect to SignalR hub with correlation headers","status":"passed","title":"should connect to SignalR hub with correlation headers","duration":4.490499999999884,"failureMessages":[],"meta":{}},{"ancestorTitles":["useSignalR Hook Integration Tests","Connection Management"],"fullName":"useSignalR Hook Integration Tests Connection Management should handle connection success","status":"passed","title":"should handle connection success","duration":1.1730420000001232,"failureMessages":[],"meta":{}},{"ancestorTitles":["useSignalR Hook Integration Tests","Connection Management"],"fullName":"useSignalR Hook Integration Tests Connection Management should handle connection failure","status":"passed","title":"should handle connection failure","duration":4.191375000000107,"failureMessages":[],"meta":{}},{"ancestorTitles":["useSignalR Hook Integration Tests","Connection Management"],"fullName":"useSignalR Hook Integration Tests Connection Management should not connect when already connected","status":"passed","title":"should not connect when already connected","duration":5.153583000000026,"failureMessages":[],"meta":{}},{"ancestorTitles":["useSignalR Hook Integration Tests","Connection Management"],"fullName":"useSignalR Hook Integration Tests Connection Management should disconnect from SignalR hub","status":"passed","title":"should disconnect from SignalR hub","duration":2.258583000000044,"failureMessages":[],"meta":{}},{"ancestorTitles":["useSignalR Hook Integration Tests","Connection Management"],"fullName":"useSignalR Hook Integration Tests Connection Management should handle disconnect failure","status":"passed","title":"should handle disconnect failure","duration":1.9915419999999813,"failureMessages":[],"meta":{}},{"ancestorTitles":["useSignalR Hook Integration Tests","Connection Management"],"fullName":"useSignalR Hook Integration Tests Connection Management should reconnect to SignalR hub","status":"passed","title":"should reconnect to SignalR hub","duration":8.154042000000118,"failureMessages":[],"meta":{}},{"ancestorTitles":["useSignalR Hook Integration Tests","Message Handling"],"fullName":"useSignalR Hook Integration Tests Message Handling should send message to hub","status":"passed","title":"should send message to hub","duration":2.1381249999999454,"failureMessages":[],"meta":{}},{"ancestorTitles":["useSignalR Hook Integration Tests","Message Handling"],"fullName":"useSignalR Hook Integration Tests Message Handling should handle send message failure when not connected","status":"passed","title":"should handle send message failure when not connected","duration":3.3947089999999207,"failureMessages":[],"meta":{}},{"ancestorTitles":["useSignalR Hook Integration Tests","Message Handling"],"fullName":"useSignalR Hook Integration Tests Message Handling should invoke hub method and return result","status":"passed","title":"should invoke hub method and return result","duration":8.217750000000024,"failureMessages":[],"meta":{}},{"ancestorTitles":["useSignalR Hook Integration Tests","Message Handling"],"fullName":"useSignalR Hook Integration Tests Message Handling should handle invoke failure when not connected","status":"passed","title":"should handle invoke failure when not connected","duration":14.03166699999997,"failureMessages":[],"meta":{}},{"ancestorTitles":["useSignalR Hook Integration Tests","Event Handling"],"fullName":"useSignalR Hook Integration Tests Event Handling should register event handler","status":"passed","title":"should register event handler","duration":3.3553750000000946,"failureMessages":[],"meta":{}},{"ancestorTitles":["useSignalR Hook Integration Tests","Event Handling"],"fullName":"useSignalR Hook Integration Tests Event Handling should unregister specific event handler","status":"passed","title":"should unregister specific event handler","duration":11.458583999999973,"failureMessages":[],"meta":{}},{"ancestorTitles":["useSignalR Hook Integration Tests","Event Handling"],"fullName":"useSignalR Hook Integration Tests Event Handling should unregister all handlers for event","status":"passed","title":"should unregister all handlers for event","duration":2.942874999999958,"failureMessages":[],"meta":{}},{"ancestorTitles":["useSignalR Hook Integration Tests","Event Handling"],"fullName":"useSignalR Hook Integration Tests Event Handling should handle event registration when not connected","status":"passed","title":"should handle event registration when not connected","duration":3.060124999999971,"failureMessages":[],"meta":{}},{"ancestorTitles":["useSignalR Hook Integration Tests","Event Handling"],"fullName":"useSignalR Hook Integration Tests Event Handling should setup default enterprise event handlers","status":"passed","title":"should setup default enterprise event handlers","duration":2.5348330000001624,"failureMessages":[],"meta":{}},{"ancestorTitles":["useSignalR Hook Integration Tests","Connection State Management"],"fullName":"useSignalR Hook Integration Tests Connection State Management should handle connection close event","status":"passed","title":"should handle connection close event","duration":2.431542000000036,"failureMessages":[],"meta":{}},{"ancestorTitles":["useSignalR Hook Integration Tests","Connection State Management"],"fullName":"useSignalR Hook Integration Tests Connection State Management should handle reconnecting event","status":"passed","title":"should handle reconnecting event","duration":1.2795419999999922,"failureMessages":[],"meta":{}},{"ancestorTitles":["useSignalR Hook Integration Tests","Connection State Management"],"fullName":"useSignalR Hook Integration Tests Connection State Management should handle reconnected event","status":"passed","title":"should handle reconnected event","duration":1.3940840000000208,"failureMessages":[],"meta":{}},{"ancestorTitles":["useSignalR Hook Integration Tests","Error Handling and Edge Cases"],"fullName":"useSignalR Hook Integration Tests Error Handling and Edge Cases should handle connection builder creation failure","status":"passed","title":"should handle connection builder creation failure","duration":1.3939170000001013,"failureMessages":[],"meta":{}},{"ancestorTitles":["useSignalR Hook Integration Tests","Error Handling and Edge Cases"],"fullName":"useSignalR Hook Integration Tests Error Handling and Edge Cases should handle missing correlation context gracefully","status":"passed","title":"should handle missing correlation context gracefully","duration":9.999209000000064,"failureMessages":[],"meta":{}},{"ancestorTitles":["useSignalR Hook Integration Tests","Error Handling and Edge Cases"],"fullName":"useSignalR Hook Integration Tests Error Handling and Edge Cases should handle send message service errors","status":"passed","title":"should handle send message service errors","duration":3.21029099999987,"failureMessages":[],"meta":{}},{"ancestorTitles":["useSignalR Hook Integration Tests","Error Handling and Edge Cases"],"fullName":"useSignalR Hook Integration Tests Error Handling and Edge Cases should handle invoke service errors","status":"passed","title":"should handle invoke service errors","duration":7.765540999999985,"failureMessages":[],"meta":{}},{"ancestorTitles":["useSignalR Hook Integration Tests","Performance and Memory"],"fullName":"useSignalR Hook Integration Tests Performance and Memory should cleanup connection on unmount","status":"passed","title":"should cleanup connection on unmount","duration":2.153291999999965,"failureMessages":[],"meta":{}},{"ancestorTitles":["useSignalR Hook Integration Tests","Performance and Memory"],"fullName":"useSignalR Hook Integration Tests Performance and Memory should handle cleanup errors gracefully","status":"failed","title":"should handle cleanup errors gracefully","duration":9.042042000000038,"failureMessages":["AssertionError: expected \"spy\" to be called with arguments: [ StringContaining{…}, Any<Object> ]\u001b[90m\n\nNumber of calls: \u001b[1m0\u001b[22m\n\u001b[39m\n    at Proxy.<anonymous> (file:///Users/robsoto/Developer/Projects/PetLoveCommunity/petlovecommunity-web/node_modules/@vitest/expect/dist/index.js:1355:10)\n    at Proxy.<anonymous> (file:///Users/robsoto/Developer/Projects/PetLoveCommunity/petlovecommunity-web/node_modules/@vitest/expect/dist/index.js:1029:14)\n    at Proxy.methodWrapper (file:///Users/robsoto/Developer/Projects/PetLoveCommunity/petlovecommunity-web/node_modules/chai/chai.js:1706:25)\n    at /Users/robsoto/Developer/Projects/PetLoveCommunity/petlovecommunity-web/src/hooks/__tests__/useSignalR.test.ts:597:31\n    at file:///Users/robsoto/Developer/Projects/PetLoveCommunity/petlovecommunity-web/node_modules/@vitest/runner/dist/chunk-hooks.js:752:20"],"meta":{}},{"ancestorTitles":["useSignalR Hook Integration Tests","Performance and Memory"],"fullName":"useSignalR Hook Integration Tests Performance and Memory should handle concurrent connection attempts","status":"passed","title":"should handle concurrent connection attempts","duration":3.5134160000000065,"failureMessages":[],"meta":{}},{"ancestorTitles":["useSignalR Hook Integration Tests","Performance and Memory"],"fullName":"useSignalR Hook Integration Tests Performance and Memory should handle rapid event handler updates","status":"passed","title":"should handle rapid event handler updates","duration":1.4894590000001244,"failureMessages":[],"meta":{}},{"ancestorTitles":["useSignalR Hook Integration Tests","Performance and Memory"],"fullName":"useSignalR Hook Integration Tests Performance and Memory should handle connection state changes efficiently","status":"passed","title":"should handle connection state changes efficiently","duration":4.015916999999945,"failureMessages":[],"meta":{}}],"startTime":1754758441065,"endTime":1754758441202.0159,"status":"failed","message":"","name":"/Users/robsoto/Developer/Projects/PetLoveCommunity/petlovecommunity-web/src/hooks/__tests__/useSignalR.test.ts"},{"assertionResults":[{"ancestorTitles":["useTransaction Hook Integration Tests","Hook Initialization"],"fullName":"useTransaction Hook Integration Tests Hook Initialization should initialize with transaction state from Redux store","status":"passed","title":"should initialize with transaction state from Redux store","duration":9.094875000000116,"failureMessages":[],"meta":{}},{"ancestorTitles":["useTransaction Hook Integration Tests","Hook Initialization"],"fullName":"useTransaction Hook Integration Tests Hook Initialization should provide all expected methods","status":"passed","title":"should provide all expected methods","duration":1.0455830000000788,"failureMessages":[],"meta":{}},{"ancestorTitles":["useTransaction Hook Integration Tests","Hook Initialization"],"fullName":"useTransaction Hook Integration Tests Hook Initialization should integrate with useCorrelation hook","status":"passed","title":"should integrate with useCorrelation hook","duration":0.7810839999999644,"failureMessages":[],"meta":{}},{"ancestorTitles":["useTransaction Hook Integration Tests","Transaction Execution"],"fullName":"useTransaction Hook Integration Tests Transaction Execution should execute transaction with all enterprise services","status":"passed","title":"should execute transaction with all enterprise services","duration":3.1805409999999483,"failureMessages":[],"meta":{}},{"ancestorTitles":["useTransaction Hook Integration Tests","Transaction Execution"],"fullName":"useTransaction Hook Integration Tests Transaction Execution should handle transaction execution errors gracefully","status":"passed","title":"should handle transaction execution errors gracefully","duration":1.838207999999895,"failureMessages":[],"meta":{}},{"ancestorTitles":["useTransaction Hook Integration Tests","Transaction Execution"],"fullName":"useTransaction Hook Integration Tests Transaction Execution should execute transaction with default empty operation params","status":"passed","title":"should execute transaction with default empty operation params","duration":3.7737919999999576,"failureMessages":[],"meta":{}},{"ancestorTitles":["useTransaction Hook Integration Tests","Idempotent Operations"],"fullName":"useTransaction Hook Integration Tests Idempotent Operations should execute idempotent operation with custom parameters","status":"passed","title":"should execute idempotent operation with custom parameters","duration":1.3584589999998116,"failureMessages":[],"meta":{}},{"ancestorTitles":["useTransaction Hook Integration Tests","Idempotent Operations"],"fullName":"useTransaction Hook Integration Tests Idempotent Operations should execute idempotent operation with default parameters","status":"passed","title":"should execute idempotent operation with default parameters","duration":1.5271249999998417,"failureMessages":[],"meta":{}},{"ancestorTitles":["useTransaction Hook Integration Tests","Idempotent Operations"],"fullName":"useTransaction Hook Integration Tests Idempotent Operations should check for idempotent result existence","status":"passed","title":"should check for idempotent result existence","duration":4.2112909999998465,"failureMessages":[],"meta":{}},{"ancestorTitles":["useTransaction Hook Integration Tests","Idempotent Operations"],"fullName":"useTransaction Hook Integration Tests Idempotent Operations should invalidate idempotent result","status":"passed","title":"should invalidate idempotent result","duration":0.9825419999999667,"failureMessages":[],"meta":{}},{"ancestorTitles":["useTransaction Hook Integration Tests","Idempotent Operations"],"fullName":"useTransaction Hook Integration Tests Idempotent Operations should get idempotency statistics","status":"passed","title":"should get idempotency statistics","duration":0.6883749999999509,"failureMessages":[],"meta":{}},{"ancestorTitles":["useTransaction Hook Integration Tests","Transaction Management"],"fullName":"useTransaction Hook Integration Tests Transaction Management should get transaction by ID","status":"passed","title":"should get transaction by ID","duration":0.6202080000000478,"failureMessages":[],"meta":{}},{"ancestorTitles":["useTransaction Hook Integration Tests","Transaction Management"],"fullName":"useTransaction Hook Integration Tests Transaction Management should get transactions by correlation ID","status":"passed","title":"should get transactions by correlation ID","duration":1.1362500000000182,"failureMessages":[],"meta":{}},{"ancestorTitles":["useTransaction Hook Integration Tests","Transaction Management"],"fullName":"useTransaction Hook Integration Tests Transaction Management should get transactions by specific correlation ID","status":"passed","title":"should get transactions by specific correlation ID","duration":0.8413339999999607,"failureMessages":[],"meta":{}},{"ancestorTitles":["useTransaction Hook Integration Tests","Transaction Management"],"fullName":"useTransaction Hook Integration Tests Transaction Management should cancel transaction","status":"passed","title":"should cancel transaction","duration":0.6586250000000291,"failureMessages":[],"meta":{}},{"ancestorTitles":["useTransaction Hook Integration Tests","Error Handling and Edge Cases"],"fullName":"useTransaction Hook Integration Tests Error Handling and Edge Cases should handle missing correlation context gracefully","status":"passed","title":"should handle missing correlation context gracefully","duration":3.157457999999906,"failureMessages":[],"meta":{}},{"ancestorTitles":["useTransaction Hook Integration Tests","Error Handling and Edge Cases"],"fullName":"useTransaction Hook Integration Tests Error Handling and Edge Cases should handle service errors with proper logging","status":"passed","title":"should handle service errors with proper logging","duration":1.859958000000006,"failureMessages":[],"meta":{}},{"ancestorTitles":["useTransaction Hook Integration Tests","Error Handling and Edge Cases"],"fullName":"useTransaction Hook Integration Tests Error Handling and Edge Cases should handle non-Error exceptions in transaction logging","status":"passed","title":"should handle non-Error exceptions in transaction logging","duration":1.5036250000000564,"failureMessages":[],"meta":{}},{"ancestorTitles":["useTransaction Hook Integration Tests","Redux Integration"],"fullName":"useTransaction Hook Integration Tests Redux Integration should dispatch startTransaction action on transaction execution","status":"passed","title":"should dispatch startTransaction action on transaction execution","duration":1.755792000000156,"failureMessages":[],"meta":{}},{"ancestorTitles":["useTransaction Hook Integration Tests","Redux Integration"],"fullName":"useTransaction Hook Integration Tests Redux Integration should reflect transaction state changes from Redux store","status":"passed","title":"should reflect transaction state changes from Redux store","duration":0.7795420000002196,"failureMessages":[],"meta":{}},{"ancestorTitles":["useTransaction Hook Integration Tests","Performance and Memory"],"fullName":"useTransaction Hook Integration Tests Performance and Memory should not cause excessive re-renders","status":"passed","title":"should not cause excessive re-renders","duration":0.9048339999999371,"failureMessages":[],"meta":{}},{"ancestorTitles":["useTransaction Hook Integration Tests","Performance and Memory"],"fullName":"useTransaction Hook Integration Tests Performance and Memory should handle concurrent transaction executions","status":"passed","title":"should handle concurrent transaction executions","duration":1.4137080000000424,"failureMessages":[],"meta":{}},{"ancestorTitles":["useTransaction Hook Integration Tests","Performance and Memory"],"fullName":"useTransaction Hook Integration Tests Performance and Memory should handle rapid sequential operations","status":"passed","title":"should handle rapid sequential operations","duration":3.12112500000012,"failureMessages":[],"meta":{}}],"startTime":1754758441066,"endTime":1754758441112.121,"status":"passed","message":"","name":"/Users/robsoto/Developer/Projects/PetLoveCommunity/petlovecommunity-web/src/hooks/__tests__/useTransaction.test.ts"},{"assertionResults":[{"ancestorTitles":["CorrelationService","Singleton Pattern"],"fullName":"CorrelationService Singleton Pattern should return the same instance on multiple calls","status":"passed","title":"should return the same instance on multiple calls","duration":0.6553749999999923,"failureMessages":[],"meta":{}},{"ancestorTitles":["CorrelationService","Singleton Pattern"],"fullName":"CorrelationService Singleton Pattern should maintain state across getInstance calls","status":"passed","title":"should maintain state across getInstance calls","duration":0.14054200000003902,"failureMessages":[],"meta":{}},{"ancestorTitles":["CorrelationService","ID Generation"],"fullName":"CorrelationService ID Generation should generate correlation ID with plc_ prefix","status":"passed","title":"should generate correlation ID with plc_ prefix","duration":0.093166999999994,"failureMessages":[],"meta":{}},{"ancestorTitles":["CorrelationService","ID Generation"],"fullName":"CorrelationService ID Generation should generate session ID with sess_ prefix","status":"passed","title":"should generate session ID with sess_ prefix","duration":0.056417000000010376,"failureMessages":[],"meta":{}},{"ancestorTitles":["CorrelationService","ID Generation"],"fullName":"CorrelationService ID Generation should generate unique IDs on multiple calls","status":"passed","title":"should generate unique IDs on multiple calls","duration":0.36429199999997763,"failureMessages":[],"meta":{}},{"ancestorTitles":["CorrelationService","Context Creation"],"fullName":"CorrelationService Context Creation should create context with generated IDs","status":"passed","title":"should create context with generated IDs","duration":0.4988749999999982,"failureMessages":[],"meta":{}},{"ancestorTitles":["CorrelationService","Context Creation"],"fullName":"CorrelationService Context Creation should create context with provided userId","status":"passed","title":"should create context with provided userId","duration":0.2286669999999731,"failureMessages":[],"meta":{}},{"ancestorTitles":["CorrelationService","Context Creation"],"fullName":"CorrelationService Context Creation should create child context with parent relationship","status":"passed","title":"should create child context with parent relationship","duration":0.13012500000002092,"failureMessages":[],"meta":{}},{"ancestorTitles":["CorrelationService","Context Creation"],"fullName":"CorrelationService Context Creation should generate new session for child when parent not found","status":"passed","title":"should generate new session for child when parent not found","duration":0.08650000000000091,"failureMessages":[],"meta":{}},{"ancestorTitles":["CorrelationService","Context Creation"],"fullName":"CorrelationService Context Creation should store created context for retrieval","status":"passed","title":"should store created context for retrieval","duration":0.07200000000000273,"failureMessages":[],"meta":{}},{"ancestorTitles":["CorrelationService","Context Retrieval"],"fullName":"CorrelationService Context Retrieval should return undefined for non-existent context","status":"passed","title":"should return undefined for non-existent context","duration":0.05879099999998516,"failureMessages":[],"meta":{}},{"ancestorTitles":["CorrelationService","Context Retrieval"],"fullName":"CorrelationService Context Retrieval should return exact context for existing ID","status":"passed","title":"should return exact context for existing ID","duration":0.057833000000016455,"failureMessages":[],"meta":{}},{"ancestorTitles":["CorrelationService","Context Updates"],"fullName":"CorrelationService Context Updates should update existing context","status":"passed","title":"should update existing context","duration":0.19912500000003774,"failureMessages":[],"meta":{}},{"ancestorTitles":["CorrelationService","Context Updates"],"fullName":"CorrelationService Context Updates should not update non-existent context","status":"passed","title":"should not update non-existent context","duration":0.054458000000011,"failureMessages":[],"meta":{}},{"ancestorTitles":["CorrelationService","Context Updates"],"fullName":"CorrelationService Context Updates should preserve unchanged fields during update","status":"passed","title":"should preserve unchanged fields during update","duration":0.07520799999997507,"failureMessages":[],"meta":{}},{"ancestorTitles":["CorrelationService","Request Headers"],"fullName":"CorrelationService Request Headers should generate headers for existing context","status":"passed","title":"should generate headers for existing context","duration":0.1477090000000203,"failureMessages":[],"meta":{}},{"ancestorTitles":["CorrelationService","Request Headers"],"fullName":"CorrelationService Request Headers should generate headers without optional fields","status":"passed","title":"should generate headers without optional fields","duration":0.08716699999996536,"failureMessages":[],"meta":{}},{"ancestorTitles":["CorrelationService","Request Headers"],"fullName":"CorrelationService Request Headers should include parent correlation ID in headers","status":"passed","title":"should include parent correlation ID in headers","duration":0.08125000000001137,"failureMessages":[],"meta":{}},{"ancestorTitles":["CorrelationService","Request Headers"],"fullName":"CorrelationService Request Headers should throw error for non-existent context","status":"passed","title":"should throw error for non-existent context","duration":0.36529200000001083,"failureMessages":[],"meta":{}},{"ancestorTitles":["CorrelationService","Cleanup"],"fullName":"CorrelationService Cleanup should remove contexts older than 1 hour","status":"passed","title":"should remove contexts older than 1 hour","duration":0.8543750000000045,"failureMessages":[],"meta":{}},{"ancestorTitles":["CorrelationService","Cleanup"],"fullName":"CorrelationService Cleanup should preserve contexts within 1 hour window","status":"passed","title":"should preserve contexts within 1 hour window","duration":0.12362500000000409,"failureMessages":[],"meta":{}},{"ancestorTitles":["CorrelationService","Cleanup"],"fullName":"CorrelationService Cleanup should handle cleanup with no contexts","status":"passed","title":"should handle cleanup with no contexts","duration":0.08958299999994779,"failureMessages":[],"meta":{}},{"ancestorTitles":["CorrelationService","Utility Functions"],"fullName":"CorrelationService Utility Functions should export working generateCorrelationId function","status":"passed","title":"should export working generateCorrelationId function","duration":0.06925000000001091,"failureMessages":[],"meta":{}},{"ancestorTitles":["CorrelationService","Utility Functions"],"fullName":"CorrelationService Utility Functions should export working generateSessionId function","status":"passed","title":"should export working generateSessionId function","duration":0.06562499999995453,"failureMessages":[],"meta":{}},{"ancestorTitles":["CorrelationService","Utility Functions"],"fullName":"CorrelationService Utility Functions should export working createCorrelationContext function","status":"passed","title":"should export working createCorrelationContext function","duration":0.0982089999999971,"failureMessages":[],"meta":{}},{"ancestorTitles":["CorrelationService","Utility Functions"],"fullName":"CorrelationService Utility Functions should export singleton instance","status":"passed","title":"should export singleton instance","duration":0.06016700000003539,"failureMessages":[],"meta":{}},{"ancestorTitles":["CorrelationService","Edge Cases and Error Handling"],"fullName":"CorrelationService Edge Cases and Error Handling should handle rapid context creation","status":"passed","title":"should handle rapid context creation","duration":1.2655830000000492,"failureMessages":[],"meta":{}},{"ancestorTitles":["CorrelationService","Edge Cases and Error Handling"],"fullName":"CorrelationService Edge Cases and Error Handling should handle context updates with partial data","status":"passed","title":"should handle context updates with partial data","duration":0.21029200000003812,"failureMessages":[],"meta":{}},{"ancestorTitles":["CorrelationService","Edge Cases and Error Handling"],"fullName":"CorrelationService Edge Cases and Error Handling should handle context creation with empty string userId","status":"passed","title":"should handle context creation with empty string userId","duration":0.10662500000000819,"failureMessages":[],"meta":{}}],"startTime":1754758441459,"endTime":1754758441466.2102,"status":"passed","message":"","name":"/Users/robsoto/Developer/Projects/PetLoveCommunity/petlovecommunity-web/src/lib/services/__tests__/CorrelationService.test.ts"},{"assertionResults":[{"ancestorTitles":["EnterpriseLifecycleManager","Singleton Pattern"],"fullName":"EnterpriseLifecycleManager Singleton Pattern should return the same instance on multiple calls","status":"passed","title":"should return the same instance on multiple calls","duration":1.8348330000000033,"failureMessages":[],"meta":{}},{"ancestorTitles":["EnterpriseLifecycleManager","Singleton Pattern"],"fullName":"EnterpriseLifecycleManager Singleton Pattern should export singleton instance","status":"passed","title":"should export singleton instance","duration":0.2761249999999791,"failureMessages":[],"meta":{}},{"ancestorTitles":["EnterpriseLifecycleManager","Service Lifecycle Management"],"fullName":"EnterpriseLifecycleManager Service Lifecycle Management should start all services","status":"passed","title":"should start all services","duration":0.32312500000000455,"failureMessages":[],"meta":{}},{"ancestorTitles":["EnterpriseLifecycleManager","Service Lifecycle Management"],"fullName":"EnterpriseLifecycleManager Service Lifecycle Management should stop all services","status":"passed","title":"should stop all services","duration":0.17345799999998235,"failureMessages":[],"meta":{}},{"ancestorTitles":["EnterpriseLifecycleManager","Service Lifecycle Management"],"fullName":"EnterpriseLifecycleManager Service Lifecycle Management should restart all services","status":"passed","title":"should restart all services","duration":0.08591699999999491,"failureMessages":[],"meta":{}},{"ancestorTitles":["EnterpriseLifecycleManager","Service Lifecycle Management"],"fullName":"EnterpriseLifecycleManager Service Lifecycle Management should prevent starting services during shutdown","status":"passed","title":"should prevent starting services during shutdown","duration":0.6331670000000713,"failureMessages":[],"meta":{}},{"ancestorTitles":["EnterpriseLifecycleManager","Health Monitoring"],"fullName":"EnterpriseLifecycleManager Health Monitoring should return health status with all services stopped initially","status":"passed","title":"should return health status with all services stopped initially","duration":0.6569999999999254,"failureMessages":[],"meta":{}},{"ancestorTitles":["EnterpriseLifecycleManager","Health Monitoring"],"fullName":"EnterpriseLifecycleManager Health Monitoring should return healthy status when all services are running","status":"passed","title":"should return healthy status when all services are running","duration":0.07600000000002183,"failureMessages":[],"meta":{}},{"ancestorTitles":["EnterpriseLifecycleManager","Health Monitoring"],"fullName":"EnterpriseLifecycleManager Health Monitoring should track service start times","status":"passed","title":"should track service start times","duration":0.09125000000005912,"failureMessages":[],"meta":{}},{"ancestorTitles":["EnterpriseLifecycleManager","Health Monitoring"],"fullName":"EnterpriseLifecycleManager Health Monitoring should track service stop times","status":"passed","title":"should track service stop times","duration":0.11912499999993997,"failureMessages":[],"meta":{}},{"ancestorTitles":["EnterpriseLifecycleManager","Metrics Collection"],"fullName":"EnterpriseLifecycleManager Metrics Collection should collect metrics from all services","status":"passed","title":"should collect metrics from all services","duration":0.7310830000000124,"failureMessages":[],"meta":{}},{"ancestorTitles":["EnterpriseLifecycleManager","Metrics Collection"],"fullName":"EnterpriseLifecycleManager Metrics Collection should calculate uptime correctly","status":"passed","title":"should calculate uptime correctly","duration":50.58383300000003,"failureMessages":[],"meta":{}},{"ancestorTitles":["EnterpriseLifecycleManager","Metrics Collection"],"fullName":"EnterpriseLifecycleManager Metrics Collection should return zero uptime for stopped services","status":"failed","title":"should return zero uptime for stopped services","duration":6.451875000000086,"failureMessages":["AssertionError: expected 51 to be +0 // Object.is equality\n    at /Users/robsoto/Developer/Projects/PetLoveCommunity/petlovecommunity-web/src/lib/services/__tests__/EnterpriseLifecycleManager.test.ts:188:49\n    at file:///Users/robsoto/Developer/Projects/PetLoveCommunity/petlovecommunity-web/node_modules/@vitest/runner/dist/chunk-hooks.js:155:11\n    at file:///Users/robsoto/Developer/Projects/PetLoveCommunity/petlovecommunity-web/node_modules/@vitest/runner/dist/chunk-hooks.js:752:26\n    at file:///Users/robsoto/Developer/Projects/PetLoveCommunity/petlovecommunity-web/node_modules/@vitest/runner/dist/chunk-hooks.js:1897:20\n    at new Promise (<anonymous>)\n    at runWithTimeout (file:///Users/robsoto/Developer/Projects/PetLoveCommunity/petlovecommunity-web/node_modules/@vitest/runner/dist/chunk-hooks.js:1863:10)\n    at runTest (file:///Users/robsoto/Developer/Projects/PetLoveCommunity/petlovecommunity-web/node_modules/@vitest/runner/dist/chunk-hooks.js:1574:12)\n    at runSuite (file:///Users/robsoto/Developer/Projects/PetLoveCommunity/petlovecommunity-web/node_modules/@vitest/runner/dist/chunk-hooks.js:1729:8)\n    at runSuite (file:///Users/robsoto/Developer/Projects/PetLoveCommunity/petlovecommunity-web/node_modules/@vitest/runner/dist/chunk-hooks.js:1729:8)\n    at runSuite (file:///Users/robsoto/Developer/Projects/PetLoveCommunity/petlovecommunity-web/node_modules/@vitest/runner/dist/chunk-hooks.js:1729:8)"],"meta":{}},{"ancestorTitles":["EnterpriseLifecycleManager","Emergency Operations"],"fullName":"EnterpriseLifecycleManager Emergency Operations should force cleanup all services","status":"passed","title":"should force cleanup all services","duration":1.1150840000000244,"failureMessages":[],"meta":{}},{"ancestorTitles":["EnterpriseLifecycleManager","Emergency Operations"],"fullName":"EnterpriseLifecycleManager Emergency Operations should handle cleanup errors gracefully","status":"passed","title":"should handle cleanup errors gracefully","duration":0.7013749999999845,"failureMessages":[],"meta":{}},{"ancestorTitles":["EnterpriseLifecycleManager","Service Management"],"fullName":"EnterpriseLifecycleManager Service Management should check if manager is ready","status":"passed","title":"should check if manager is ready","duration":0.17591699999991306,"failureMessages":[],"meta":{}},{"ancestorTitles":["EnterpriseLifecycleManager","Service Management"],"fullName":"EnterpriseLifecycleManager Service Management should get individual service status","status":"passed","title":"should get individual service status","duration":0.30500000000006366,"failureMessages":[],"meta":{}},{"ancestorTitles":["EnterpriseLifecycleManager","Service Management"],"fullName":"EnterpriseLifecycleManager Service Management should return undefined for non-existent service","status":"passed","title":"should return undefined for non-existent service","duration":0.1508330000000342,"failureMessages":[],"meta":{}},{"ancestorTitles":["EnterpriseLifecycleManager","Error Handling"],"fullName":"EnterpriseLifecycleManager Error Handling should handle service start errors","status":"passed","title":"should handle service start errors","duration":0.7348749999999882,"failureMessages":[],"meta":{}},{"ancestorTitles":["EnterpriseLifecycleManager","Error Handling"],"fullName":"EnterpriseLifecycleManager Error Handling should handle service stop errors","status":"passed","title":"should handle service stop errors","duration":0.17429200000003675,"failureMessages":[],"meta":{}},{"ancestorTitles":["EnterpriseLifecycleManager","Error Handling"],"fullName":"EnterpriseLifecycleManager Error Handling should mark overall health as unhealthy when services have errors","status":"passed","title":"should mark overall health as unhealthy when services have errors","duration":0.1647090000000162,"failureMessages":[],"meta":{}},{"ancestorTitles":["EnterpriseLifecycleManager","Console Logging"],"fullName":"EnterpriseLifecycleManager Console Logging should log service operations in development","status":"failed","title":"should log service operations in development","duration":1.2991670000000113,"failureMessages":["AssertionError: expected \"spy\" to be called with arguments: [ StringContaining{…} ]\u001b[90m\n\nNumber of calls: \u001b[1m0\u001b[22m\n\u001b[39m\n    at Proxy.<anonymous> (file:///Users/robsoto/Developer/Projects/PetLoveCommunity/petlovecommunity-web/node_modules/@vitest/expect/dist/index.js:1355:10)\n    at Proxy.<anonymous> (file:///Users/robsoto/Developer/Projects/PetLoveCommunity/petlovecommunity-web/node_modules/@vitest/expect/dist/index.js:1029:14)\n    at Proxy.methodWrapper (file:///Users/robsoto/Developer/Projects/PetLoveCommunity/petlovecommunity-web/node_modules/chai/chai.js:1706:25)\n    at /Users/robsoto/Developer/Projects/PetLoveCommunity/petlovecommunity-web/src/lib/services/__tests__/EnterpriseLifecycleManager.test.ts:293:26\n    at file:///Users/robsoto/Developer/Projects/PetLoveCommunity/petlovecommunity-web/node_modules/@vitest/runner/dist/chunk-hooks.js:752:20"],"meta":{}},{"ancestorTitles":["EnterpriseLifecycleManager","Console Logging"],"fullName":"EnterpriseLifecycleManager Console Logging should log errors to console","status":"passed","title":"should log errors to console","duration":0.37074999999992997,"failureMessages":[],"meta":{}}],"startTime":1754758440958,"endTime":1754758441025.3708,"status":"failed","message":"","name":"/Users/robsoto/Developer/Projects/PetLoveCommunity/petlovecommunity-web/src/lib/services/__tests__/EnterpriseLifecycleManager.test.ts"},{"assertionResults":[{"ancestorTitles":["IdempotencyService","Singleton Pattern"],"fullName":"IdempotencyService Singleton Pattern should return the same instance on multiple calls","status":"passed","title":"should return the same instance on multiple calls","duration":2.330249999999978,"failureMessages":[],"meta":{}},{"ancestorTitles":["IdempotencyService","Singleton Pattern"],"fullName":"IdempotencyService Singleton Pattern should export singleton instance","status":"passed","title":"should export singleton instance","duration":0.21812499999998636,"failureMessages":[],"meta":{}},{"ancestorTitles":["IdempotencyService","Singleton Pattern"],"fullName":"IdempotencyService Singleton Pattern should maintain state across getInstance calls","status":"passed","title":"should maintain state across getInstance calls","duration":0.36645900000007714,"failureMessages":[],"meta":{}},{"ancestorTitles":["IdempotencyService","Basic Idempotency Execution"],"fullName":"IdempotencyService Basic Idempotency Execution should execute operation and cache result on first call","status":"passed","title":"should execute operation and cache result on first call","duration":0.6011670000000322,"failureMessages":[],"meta":{}},{"ancestorTitles":["IdempotencyService","Basic Idempotency Execution"],"fullName":"IdempotencyService Basic Idempotency Execution should return cached result on subsequent calls","status":"passed","title":"should return cached result on subsequent calls","duration":0.16629100000000108,"failureMessages":[],"meta":{}},{"ancestorTitles":["IdempotencyService","Basic Idempotency Execution"],"fullName":"IdempotencyService Basic Idempotency Execution should handle different operations with same key","status":"passed","title":"should handle different operations with same key","duration":0.2501670000000331,"failureMessages":[],"meta":{}},{"ancestorTitles":["IdempotencyService","Basic Idempotency Execution"],"fullName":"IdempotencyService Basic Idempotency Execution should handle null and undefined results","status":"passed","title":"should handle null and undefined results","duration":0.16695900000001984,"failureMessages":[],"meta":{}},{"ancestorTitles":["IdempotencyService","Expiration Handling"],"fullName":"IdempotencyService Expiration Handling should respect custom expiration time","status":"passed","title":"should respect custom expiration time","duration":0.24716699999999037,"failureMessages":[],"meta":{}},{"ancestorTitles":["IdempotencyService","Expiration Handling"],"fullName":"IdempotencyService Expiration Handling should re-execute operation after expiration","status":"passed","title":"should re-execute operation after expiration","duration":0.2122910000000502,"failureMessages":[],"meta":{}},{"ancestorTitles":["IdempotencyService","Expiration Handling"],"fullName":"IdempotencyService Expiration Handling should return false for hasRecord on expired keys","status":"passed","title":"should return false for hasRecord on expired keys","duration":0.10854199999994307,"failureMessages":[],"meta":{}},{"ancestorTitles":["IdempotencyService","Expiration Handling"],"fullName":"IdempotencyService Expiration Handling should return undefined for getRecord on expired keys","status":"passed","title":"should return undefined for getRecord on expired keys","duration":0.09595799999999599,"failureMessages":[],"meta":{}},{"ancestorTitles":["IdempotencyService","Error Handling"],"fullName":"IdempotencyService Error Handling should not cache failed operations","status":"passed","title":"should not cache failed operations","duration":0.6879579999999805,"failureMessages":[],"meta":{}},{"ancestorTitles":["IdempotencyService","Error Handling"],"fullName":"IdempotencyService Error Handling should retry failed operations on subsequent calls","status":"passed","title":"should retry failed operations on subsequent calls","duration":0.28208299999994324,"failureMessages":[],"meta":{}},{"ancestorTitles":["IdempotencyService","Error Handling"],"fullName":"IdempotencyService Error Handling should handle synchronous errors","status":"passed","title":"should handle synchronous errors","duration":0.15429200000005494,"failureMessages":[],"meta":{}},{"ancestorTitles":["IdempotencyService","Error Handling"],"fullName":"IdempotencyService Error Handling should handle non-Error exceptions","status":"passed","title":"should handle non-Error exceptions","duration":0.12091699999996308,"failureMessages":[],"meta":{}},{"ancestorTitles":["IdempotencyService","Record Management"],"fullName":"IdempotencyService Record Management should correctly identify existing records","status":"passed","title":"should correctly identify existing records","duration":0.1398749999999609,"failureMessages":[],"meta":{}},{"ancestorTitles":["IdempotencyService","Record Management"],"fullName":"IdempotencyService Record Management should retrieve correct record details","status":"passed","title":"should retrieve correct record details","duration":0.35695800000007694,"failureMessages":[],"meta":{}},{"ancestorTitles":["IdempotencyService","Record Management"],"fullName":"IdempotencyService Record Management should return undefined for non-existent records","status":"passed","title":"should return undefined for non-existent records","duration":0.09841599999992923,"failureMessages":[],"meta":{}},{"ancestorTitles":["IdempotencyService","Record Management"],"fullName":"IdempotencyService Record Management should invalidate records correctly","status":"passed","title":"should invalidate records correctly","duration":0.14154100000007475,"failureMessages":[],"meta":{}},{"ancestorTitles":["IdempotencyService","Record Management"],"fullName":"IdempotencyService Record Management should handle invalidation of non-existent records","status":"passed","title":"should handle invalidation of non-existent records","duration":0.12487499999997453,"failureMessages":[],"meta":{}},{"ancestorTitles":["IdempotencyService","Cleanup Operations"],"fullName":"IdempotencyService Cleanup Operations should remove expired records during cleanup","status":"passed","title":"should remove expired records during cleanup","duration":0.16458300000010695,"failureMessages":[],"meta":{}},{"ancestorTitles":["IdempotencyService","Cleanup Operations"],"fullName":"IdempotencyService Cleanup Operations should handle cleanup with no records","status":"passed","title":"should handle cleanup with no records","duration":0.109375,"failureMessages":[],"meta":{}},{"ancestorTitles":["IdempotencyService","Cleanup Operations"],"fullName":"IdempotencyService Cleanup Operations should handle cleanup with only active records","status":"passed","title":"should handle cleanup with only active records","duration":0.10770899999999983,"failureMessages":[],"meta":{}},{"ancestorTitles":["IdempotencyService","Statistics and Monitoring"],"fullName":"IdempotencyService Statistics and Monitoring should provide accurate statistics","status":"passed","title":"should provide accurate statistics","duration":0.18416600000000471,"failureMessages":[],"meta":{}},{"ancestorTitles":["IdempotencyService","Statistics and Monitoring"],"fullName":"IdempotencyService Statistics and Monitoring should return zero stats when no records exist","status":"passed","title":"should return zero stats when no records exist","duration":0.12791700000002493,"failureMessages":[],"meta":{}},{"ancestorTitles":["IdempotencyService","Concurrent Operations"],"fullName":"IdempotencyService Concurrent Operations should handle multiple concurrent operations with different keys","status":"passed","title":"should handle multiple concurrent operations with different keys","duration":0.3512080000000424,"failureMessages":[],"meta":{}},{"ancestorTitles":["IdempotencyService","Concurrent Operations"],"fullName":"IdempotencyService Concurrent Operations should handle concurrent operations with same key","status":"passed","title":"should handle concurrent operations with same key","duration":0.21583399999997255,"failureMessages":[],"meta":{}},{"ancestorTitles":["IdempotencyService","Performance and Edge Cases"],"fullName":"IdempotencyService Performance and Edge Cases should handle rapid record creation and retrieval","status":"passed","title":"should handle rapid record creation and retrieval","duration":3.547416999999996,"failureMessages":[],"meta":{}},{"ancestorTitles":["IdempotencyService","Performance and Edge Cases"],"fullName":"IdempotencyService Performance and Edge Cases should handle complex result objects","status":"passed","title":"should handle complex result objects","duration":0.3013750000000073,"failureMessages":[],"meta":{}},{"ancestorTitles":["IdempotencyService","Performance and Edge Cases"],"fullName":"IdempotencyService Performance and Edge Cases should handle zero expiration time","status":"passed","title":"should handle zero expiration time","duration":0.24954200000001947,"failureMessages":[],"meta":{}},{"ancestorTitles":["IdempotencyService","Development Mode Logging"],"fullName":"IdempotencyService Development Mode Logging should log in development mode","status":"passed","title":"should log in development mode","duration":1.60674999999992,"failureMessages":[],"meta":{}},{"ancestorTitles":["IdempotencyService","Development Mode Logging"],"fullName":"IdempotencyService Development Mode Logging should log cached result retrieval in development mode","status":"passed","title":"should log cached result retrieval in development mode","duration":1.226291999999944,"failureMessages":[],"meta":{}}],"startTime":1754758440955,"endTime":1754758440970.2263,"status":"passed","message":"","name":"/Users/robsoto/Developer/Projects/PetLoveCommunity/petlovecommunity-web/src/lib/services/__tests__/IdempotencyService.test.ts"},{"assertionResults":[{"ancestorTitles":["TransactionManager","Singleton Pattern"],"fullName":"TransactionManager Singleton Pattern should return the same instance on multiple calls","status":"passed","title":"should return the same instance on multiple calls","duration":1.6285419999999249,"failureMessages":[],"meta":{}},{"ancestorTitles":["TransactionManager","Singleton Pattern"],"fullName":"TransactionManager Singleton Pattern should export singleton instance","status":"passed","title":"should export singleton instance","duration":0.12612500000000182,"failureMessages":[],"meta":{}},{"ancestorTitles":["TransactionManager","Transaction Execution - Success Cases"],"fullName":"TransactionManager Transaction Execution - Success Cases should execute successful transaction","status":"passed","title":"should execute successful transaction","duration":0.7748339999999416,"failureMessages":[],"meta":{}},{"ancestorTitles":["TransactionManager","Transaction Execution - Success Cases"],"fullName":"TransactionManager Transaction Execution - Success Cases should track transaction lifecycle","status":"passed","title":"should track transaction lifecycle","duration":0.13912499999992178,"failureMessages":[],"meta":{}},{"ancestorTitles":["TransactionManager","Transaction Execution - Success Cases"],"fullName":"TransactionManager Transaction Execution - Success Cases should handle different transaction types","status":"passed","title":"should handle different transaction types","duration":0.29595800000004147,"failureMessages":[],"meta":{}},{"ancestorTitles":["TransactionManager","Transaction Retry Logic"],"fullName":"TransactionManager Transaction Retry Logic should retry failed transactions with exponential backoff","status":"passed","title":"should retry failed transactions with exponential backoff","duration":0.9354590000000371,"failureMessages":[],"meta":{}},{"ancestorTitles":["TransactionManager","Transaction Retry Logic"],"fullName":"TransactionManager Transaction Retry Logic should respect retry limits based on transaction type","status":"passed","title":"should respect retry limits based on transaction type","duration":1.1088340000001153,"failureMessages":[],"meta":{}},{"ancestorTitles":["TransactionManager","Transaction Retry Logic"],"fullName":"TransactionManager Transaction Retry Logic should calculate correct exponential backoff delays","status":"passed","title":"should calculate correct exponential backoff delays","duration":8.697750000000042,"failureMessages":[],"meta":{}},{"ancestorTitles":["TransactionManager","Transaction Retry Logic"],"fullName":"TransactionManager Transaction Retry Logic should cap retry delay at 30 seconds","status":"passed","title":"should cap retry delay at 30 seconds","duration":0.41399999999998727,"failureMessages":[],"meta":{}},{"ancestorTitles":["TransactionManager","Transaction Status Management"],"fullName":"TransactionManager Transaction Status Management should track transaction status changes","status":"passed","title":"should track transaction status changes","duration":0.10595800000010058,"failureMessages":[],"meta":{}},{"ancestorTitles":["TransactionManager","Transaction Status Management"],"fullName":"TransactionManager Transaction Status Management should handle transaction retrieval by ID","status":"passed","title":"should handle transaction retrieval by ID","duration":0.7121669999999085,"failureMessages":[],"meta":{}},{"ancestorTitles":["TransactionManager","Transaction Status Management"],"fullName":"TransactionManager Transaction Status Management should handle transaction retrieval by correlation ID","status":"passed","title":"should handle transaction retrieval by correlation ID","duration":0.14354099999991377,"failureMessages":[],"meta":{}},{"ancestorTitles":["TransactionManager","Transaction Cancellation"],"fullName":"TransactionManager Transaction Cancellation should cancel pending transaction","status":"passed","title":"should cancel pending transaction","duration":0.08508299999994051,"failureMessages":[],"meta":{}},{"ancestorTitles":["TransactionManager","Transaction Cancellation"],"fullName":"TransactionManager Transaction Cancellation should not cancel non-existent transaction","status":"passed","title":"should not cancel non-existent transaction","duration":1.6197500000000673,"failureMessages":[],"meta":{}},{"ancestorTitles":["TransactionManager","Cleanup Operations"],"fullName":"TransactionManager Cleanup Operations should clean up old transactions","status":"passed","title":"should clean up old transactions","duration":0.28125,"failureMessages":[],"meta":{}},{"ancestorTitles":["TransactionManager","Cleanup Operations"],"fullName":"TransactionManager Cleanup Operations should preserve recent transactions during cleanup","status":"passed","title":"should preserve recent transactions during cleanup","duration":0.10224999999991269,"failureMessages":[],"meta":{}},{"ancestorTitles":["TransactionManager","Error Handling"],"fullName":"TransactionManager Error Handling should propagate errors after retry exhaustion","status":"passed","title":"should propagate errors after retry exhaustion","duration":0.2393329999999878,"failureMessages":[],"meta":{}},{"ancestorTitles":["TransactionManager","Error Handling"],"fullName":"TransactionManager Error Handling should handle operation that throws synchronously","status":"passed","title":"should handle operation that throws synchronously","duration":0.2459999999998672,"failureMessages":[],"meta":{}},{"ancestorTitles":["TransactionManager","Error Handling"],"fullName":"TransactionManager Error Handling should handle operation with undefined result","status":"passed","title":"should handle operation with undefined result","duration":0.1129160000000411,"failureMessages":[],"meta":{}},{"ancestorTitles":["TransactionManager","Error Handling"],"fullName":"TransactionManager Error Handling should handle operation with null result","status":"passed","title":"should handle operation with null result","duration":0.09975000000008549,"failureMessages":[],"meta":{}},{"ancestorTitles":["TransactionManager","Concurrent Transactions"],"fullName":"TransactionManager Concurrent Transactions should handle multiple concurrent transactions","status":"passed","title":"should handle multiple concurrent transactions","duration":0.3008749999999054,"failureMessages":[],"meta":{}},{"ancestorTitles":["TransactionManager","Concurrent Transactions"],"fullName":"TransactionManager Concurrent Transactions should handle mix of successful and failing concurrent transactions","status":"passed","title":"should handle mix of successful and failing concurrent transactions","duration":0.21679200000016863,"failureMessages":[],"meta":{}},{"ancestorTitles":["TransactionManager","Performance and Limits"],"fullName":"TransactionManager Performance and Limits should handle rapid transaction creation","status":"passed","title":"should handle rapid transaction creation","duration":1.4093749999999545,"failureMessages":[],"meta":{}}],"startTime":1754758441067,"endTime":1754758441087.4094,"status":"passed","message":"","name":"/Users/robsoto/Developer/Projects/PetLoveCommunity/petlovecommunity-web/src/lib/services/__tests__/TransactionManager.test.ts"},{"assertionResults":[{"ancestorTitles":["correlationUtils","generateCorrelationId"],"fullName":"correlationUtils generateCorrelationId should generate correlation ID with plc_ prefix and crypto UUID","status":"passed","title":"should generate correlation ID with plc_ prefix and crypto UUID","duration":0.9895829999999819,"failureMessages":[],"meta":{}},{"ancestorTitles":["correlationUtils","generateCorrelationId"],"fullName":"correlationUtils generateCorrelationId should generate unique IDs on multiple calls","status":"passed","title":"should generate unique IDs on multiple calls","duration":0.41354200000000674,"failureMessages":[],"meta":{}},{"ancestorTitles":["correlationUtils","generateCorrelationId"],"fullName":"correlationUtils generateCorrelationId should throw error when crypto.randomUUID unavailable","status":"passed","title":"should throw error when crypto.randomUUID unavailable","duration":0.38116600000000744,"failureMessages":[],"meta":{}},{"ancestorTitles":["correlationUtils","generateCorrelationId"],"fullName":"correlationUtils generateCorrelationId should throw error when crypto.randomUUID method missing","status":"passed","title":"should throw error when crypto.randomUUID method missing","duration":0.0891250000000241,"failureMessages":[],"meta":{}},{"ancestorTitles":["correlationUtils","generateCorrelationId"],"fullName":"correlationUtils generateCorrelationId should require enterprise-grade crypto environment","status":"passed","title":"should require enterprise-grade crypto environment","duration":0.19404200000002447,"failureMessages":[],"meta":{}},{"ancestorTitles":["correlationUtils","generateSessionId"],"fullName":"correlationUtils generateSessionId should generate session ID with sess_ prefix and crypto UUID","status":"passed","title":"should generate session ID with sess_ prefix and crypto UUID","duration":0.09899999999998954,"failureMessages":[],"meta":{}},{"ancestorTitles":["correlationUtils","generateSessionId"],"fullName":"correlationUtils generateSessionId should generate unique session IDs","status":"passed","title":"should generate unique session IDs","duration":0.08754199999998491,"failureMessages":[],"meta":{}},{"ancestorTitles":["correlationUtils","generateTransactionId"],"fullName":"correlationUtils generateTransactionId should generate transaction ID with txn_ prefix and crypto UUID","status":"passed","title":"should generate transaction ID with txn_ prefix and crypto UUID","duration":0.08191700000003266,"failureMessages":[],"meta":{}},{"ancestorTitles":["correlationUtils","generateTransactionId"],"fullName":"correlationUtils generateTransactionId should generate unique transaction IDs","status":"passed","title":"should generate unique transaction IDs","duration":0.12529100000000426,"failureMessages":[],"meta":{}},{"ancestorTitles":["correlationUtils","generateIdempotencyKey"],"fullName":"correlationUtils generateIdempotencyKey should generate idempotency key with operation name and timestamp","status":"passed","title":"should generate idempotency key with operation name and timestamp","duration":0.19966700000003357,"failureMessages":[],"meta":{}},{"ancestorTitles":["correlationUtils","generateIdempotencyKey"],"fullName":"correlationUtils generateIdempotencyKey should generate different keys for different operations","status":"passed","title":"should generate different keys for different operations","duration":0.14549999999997,"failureMessages":[],"meta":{}},{"ancestorTitles":["correlationUtils","generateIdempotencyKey"],"fullName":"correlationUtils generateIdempotencyKey should generate same key for same operation and params","status":"passed","title":"should generate same key for same operation and params","duration":0.07766700000001947,"failureMessages":[],"meta":{}},{"ancestorTitles":["correlationUtils","generateIdempotencyKey"],"fullName":"correlationUtils generateIdempotencyKey should generate different keys for same operation with different params","status":"passed","title":"should generate different keys for same operation with different params","duration":0.14187499999997044,"failureMessages":[],"meta":{}},{"ancestorTitles":["correlationUtils","generateIdempotencyKey"],"fullName":"correlationUtils generateIdempotencyKey should handle complex params objects","status":"passed","title":"should handle complex params objects","duration":0.09387499999996862,"failureMessages":[],"meta":{}},{"ancestorTitles":["correlationUtils","generateIdempotencyKey"],"fullName":"correlationUtils generateIdempotencyKey should handle empty params","status":"passed","title":"should handle empty params","duration":0.0724999999999909,"failureMessages":[],"meta":{}},{"ancestorTitles":["correlationUtils","generateIdempotencyKey"],"fullName":"correlationUtils generateIdempotencyKey should handle undefined params","status":"passed","title":"should handle undefined params","duration":0.07579199999997854,"failureMessages":[],"meta":{}},{"ancestorTitles":["correlationUtils","generateIdempotencyKey"],"fullName":"correlationUtils generateIdempotencyKey should produce consistent hash for same object structure","status":"passed","title":"should produce consistent hash for same object structure","duration":0.11070899999998574,"failureMessages":[],"meta":{}},{"ancestorTitles":["correlationUtils","generateIdempotencyKey"],"fullName":"correlationUtils generateIdempotencyKey should include timestamp in key for uniqueness over time","status":"passed","title":"should include timestamp in key for uniqueness over time","duration":0.14345800000000963,"failureMessages":[],"meta":{}},{"ancestorTitles":["correlationUtils","Security and Collision Resistance"],"fullName":"correlationUtils Security and Collision Resistance should generate highly unique IDs across many calls","status":"passed","title":"should generate highly unique IDs across many calls","duration":1.0705829999999992,"failureMessages":[],"meta":{}},{"ancestorTitles":["correlationUtils","Security and Collision Resistance"],"fullName":"correlationUtils Security and Collision Resistance should maintain format consistency across all ID types","status":"passed","title":"should maintain format consistency across all ID types","duration":0.46787499999999227,"failureMessages":[],"meta":{}}],"startTime":1754758441413,"endTime":1754758441417.4678,"status":"passed","message":"","name":"/Users/robsoto/Developer/Projects/PetLoveCommunity/petlovecommunity-web/src/lib/utils/__tests__/correlationUtils.test.ts"},{"assertionResults":[{"ancestorTitles":["correlationMiddleware","Correlation ID Injection"],"fullName":"correlationMiddleware Correlation ID Injection should add correlation ID to actions without meta","status":"passed","title":"should add correlation ID to actions without meta","duration":5.2840000000001055,"failureMessages":[],"meta":{}},{"ancestorTitles":["correlationMiddleware","Correlation ID Injection"],"fullName":"correlationMiddleware Correlation ID Injection should preserve existing meta and add correlation ID","status":"passed","title":"should preserve existing meta and add correlation ID","duration":0.3300420000000486,"failureMessages":[],"meta":{}},{"ancestorTitles":["correlationMiddleware","Correlation ID Injection"],"fullName":"correlationMiddleware Correlation ID Injection should not override existing correlation ID","status":"passed","title":"should not override existing correlation ID","duration":0.20474999999999,"failureMessages":[],"meta":{}},{"ancestorTitles":["correlationMiddleware","Correlation ID Injection"],"fullName":"correlationMiddleware Correlation ID Injection should use current correlation context from store","status":"passed","title":"should use current correlation context from store","duration":0.6232919999999922,"failureMessages":[],"meta":{}},{"ancestorTitles":["correlationMiddleware","Correlation ID Injection"],"fullName":"correlationMiddleware Correlation ID Injection should handle actions without type (Redux will throw)","status":"passed","title":"should handle actions without type (Redux will throw)","duration":0.5020419999999604,"failureMessages":[],"meta":{}},{"ancestorTitles":["correlationMiddleware","Timestamp Handling"],"fullName":"correlationMiddleware Timestamp Handling should add timestamp to actions","status":"passed","title":"should add timestamp to actions","duration":0.18524999999999636,"failureMessages":[],"meta":{}},{"ancestorTitles":["correlationMiddleware","Timestamp Handling"],"fullName":"correlationMiddleware Timestamp Handling should use different timestamps for different actions","status":"passed","title":"should use different timestamps for different actions","duration":0.26816599999995105,"failureMessages":[],"meta":{}},{"ancestorTitles":["correlationMiddleware","Development Mode Logging"],"fullName":"correlationMiddleware Development Mode Logging should log in development mode","status":"passed","title":"should log in development mode","duration":0.18745799999999235,"failureMessages":[],"meta":{}},{"ancestorTitles":["correlationMiddleware","Development Mode Logging"],"fullName":"correlationMiddleware Development Mode Logging should not log in production mode","status":"passed","title":"should not log in production mode","duration":0.17629099999999198,"failureMessages":[],"meta":{}},{"ancestorTitles":["correlationMiddleware","Development Mode Logging"],"fullName":"correlationMiddleware Development Mode Logging should log correlation ID and timestamp details","status":"passed","title":"should log correlation ID and timestamp details","duration":0.4647499999999809,"failureMessages":[],"meta":{}},{"ancestorTitles":["correlationMiddleware","Store Integration"],"fullName":"correlationMiddleware Store Integration should work with correlation slice actions","status":"passed","title":"should work with correlation slice actions","duration":0.2681249999999409,"failureMessages":[],"meta":{}},{"ancestorTitles":["correlationMiddleware","Store Integration"],"fullName":"correlationMiddleware Store Integration should handle child correlation creation","status":"passed","title":"should handle child correlation creation","duration":0.2819999999999254,"failureMessages":[],"meta":{}},{"ancestorTitles":["correlationMiddleware","Store Integration"],"fullName":"correlationMiddleware Store Integration should handle multiple sequential actions with correlation tracking","status":"passed","title":"should handle multiple sequential actions with correlation tracking","duration":0.6130410000000666,"failureMessages":[],"meta":{}},{"ancestorTitles":["correlationMiddleware","Edge Cases and Error Handling"],"fullName":"correlationMiddleware Edge Cases and Error Handling should handle missing correlation state gracefully","status":"passed","title":"should handle missing correlation state gracefully","duration":0.22233300000004874,"failureMessages":[],"meta":{}},{"ancestorTitles":["correlationMiddleware","Edge Cases and Error Handling"],"fullName":"correlationMiddleware Edge Cases and Error Handling should handle malformed correlation state","status":"passed","title":"should handle malformed correlation state","duration":0.18687499999998636,"failureMessages":[],"meta":{}},{"ancestorTitles":["correlationMiddleware","Edge Cases and Error Handling"],"fullName":"correlationMiddleware Edge Cases and Error Handling should handle undefined correlation context","status":"passed","title":"should handle undefined correlation context","duration":0.18566599999996924,"failureMessages":[],"meta":{}},{"ancestorTitles":["correlationMiddleware","Edge Cases and Error Handling"],"fullName":"correlationMiddleware Edge Cases and Error Handling should handle actions with complex meta objects","status":"passed","title":"should handle actions with complex meta objects","duration":0.2501249999999118,"failureMessages":[],"meta":{}},{"ancestorTitles":["correlationMiddleware","Edge Cases and Error Handling"],"fullName":"correlationMiddleware Edge Cases and Error Handling should preserve action immutability","status":"passed","title":"should preserve action immutability","duration":0.28483300000004874,"failureMessages":[],"meta":{}},{"ancestorTitles":["correlationMiddleware","Edge Cases and Error Handling"],"fullName":"correlationMiddleware Edge Cases and Error Handling should handle rapid action dispatching","status":"passed","title":"should handle rapid action dispatching","duration":1.5722089999999298,"failureMessages":[],"meta":{}},{"ancestorTitles":["correlationMiddleware","Middleware Chain Integration"],"fullName":"correlationMiddleware Middleware Chain Integration should work with other middleware","status":"passed","title":"should work with other middleware","duration":0.23220800000001418,"failureMessages":[],"meta":{}},{"ancestorTitles":["correlationMiddleware","Middleware Chain Integration"],"fullName":"correlationMiddleware Middleware Chain Integration should maintain proper middleware execution order","status":"passed","title":"should maintain proper middleware execution order","duration":0.21949999999992542,"failureMessages":[],"meta":{}}],"startTime":1754758440970,"endTime":1754758440983.2322,"status":"passed","message":"","name":"/Users/robsoto/Developer/Projects/PetLoveCommunity/petlovecommunity-web/src/lib/store/middleware/__tests__/correlationMiddleware.test.ts"},{"assertionResults":[{"ancestorTitles":["idempotencyMiddleware","Basic Idempotency Behavior"],"fullName":"idempotencyMiddleware Basic Idempotency Behavior should allow actions without idempotency key to pass through","status":"passed","title":"should allow actions without idempotency key to pass through","duration":3.2760000000000673,"failureMessages":[],"meta":{}},{"ancestorTitles":["idempotencyMiddleware","Basic Idempotency Behavior"],"fullName":"idempotencyMiddleware Basic Idempotency Behavior should process first action with idempotency key","status":"passed","title":"should process first action with idempotency key","duration":1.193125000000009,"failureMessages":[],"meta":{}},{"ancestorTitles":["idem
[...]
umn":20}},"39":{"start":{"line":40,"column":0},"end":{"line":40,"column":25}},"40":{"start":{"line":41,"column":0},"end":{"line":41,"column":10}},"41":{"start":{"line":42,"column":0},"end":{"line":42,"column":23}},"42":{"start":{"line":43,"column":0},"end":{"line":43,"column":24}},"43":{"start":{"line":44,"column":0},"end":{"line":44,"column":25}},"44":{"start":{"line":45,"column":0},"end":{"line":45,"column":21}},"45":{"start":{"line":46,"column":0},"end":{"line":46,"column":26}},"46":{"start":{"line":47,"column":0},"end":{"line":47,"column":10}},"47":{"start":{"line":48,"column":0},"end":{"line":48,"column":8}},"48":{"start":{"line":49,"column":0},"end":{"line":49,"column":6}},"49":{"start":{"line":50,"column":0},"end":{"line":50,"column":4}},"50":{"start":{"line":51,"column":0},"end":{"line":51,"column":12}},"51":{"start":{"line":52,"column":0},"end":{"line":52,"column":12}},"52":{"start":{"line":53,"column":0},"end":{"line":53,"column":39}},"53":{"start":{"line":54,"column":0},"end":{"line":54,"column":6}},"54":{"start":{"line":55,"column":0},"end":{"line":55,"column":4}},"55":{"start":{"line":56,"column":0},"end":{"line":56,"column":2}}},"s":{"0":0,"1":0,"3":0,"4":0,"5":0,"6":0,"7":0,"8":0,"9":0,"10":0,"11":0,"12":0,"13":0,"14":0,"15":0,"16":0,"17":0,"18":0,"19":0,"20":0,"21":0,"22":0,"23":0,"24":0,"25":0,"26":0,"27":0,"28":0,"29":0,"30":0,"31":0,"32":0,"33":0,"34":0,"35":0,"36":0,"37":0,"38":0,"39":0,"40":0,"41":0,"42":0,"43":0,"44":0,"45":0,"46":0,"47":0,"48":0,"49":0,"50":0,"51":0,"52":0,"53":0,"54":0,"55":0},"branchMap":{"0":{"type":"branch","line":1,"loc":{"start":{"line":1,"column":1239},"end":{"line":56,"column":2}},"locations":[{"start":{"line":1,"column":1239},"end":{"line":56,"column":2}}]}},"b":{"0":[0]},"fnMap":{"0":{"name":"(empty-report)","decl":{"start":{"line":1,"column":1239},"end":{"line":56,"column":2}},"loc":{"start":{"line":1,"column":1239},"end":{"line":56,"column":2}},"line":1}},"f":{"0":0}},"/Users/robsoto/Developer/Projects/PetLoveCommunity/petlovecommunity-web/src/types/index.ts":{"path":"/Users/robsoto/Developer/Projects/PetLoveCommunity/petlovecommunity-web/src/types/index.ts","all":true,"statementMap":{"1":{"start":{"line":2,"column":0},"end":{"line":2,"column":29}},"2":{"start":{"line":3,"column":0},"end":{"line":3,"column":32}},"3":{"start":{"line":4,"column":0},"end":{"line":4,"column":26}}},"s":{"1":0,"2":0,"3":0},"branchMap":{"0":{"type":"branch","line":1,"loc":{"start":{"line":1,"column":46},"end":{"line":4,"column":-1}},"locations":[{"start":{"line":1,"column":46},"end":{"line":4,"column":-1}}]}},"b":{"0":[1]},"fnMap":{"0":{"name":"(empty-report)","decl":{"start":{"line":1,"column":46},"end":{"line":4,"column":-1}},"loc":{"start":{"line":1,"column":46},"end":{"line":4,"column":-1}},"line":1}},"f":{"0":1}},"/Users/robsoto/Developer/Projects/PetLoveCommunity/petlovecommunity-web/src/lib/store/StoreProvider.tsx":{"path":"/Users/robsoto/Developer/Projects/PetLoveCommunity/petlovecommunity-web/src/lib/store/StoreProvider.tsx","all":true,"statementMap":{"2":{"start":{"line":3,"column":0},"end":{"line":3,"column":39}},"3":{"start":{"line":4,"column":0},"end":{"line":4,"column":32}},"5":{"start":{"line":6,"column":0},"end":{"line":6,"column":76}},"6":{"start":{"line":7,"column":0},"end":{"line":7,"column":55}},"7":{"start":{"line":8,"column":0},"end":{"line":8,"column":1}}},"s":{"2":0,"3":0,"5":0,"6":0,"7":0},"branchMap":{"0":{"type":"branch","line":1,"loc":{"start":{"line":1,"column":223},"end":{"line":8,"column":1}},"locations":[{"start":{"line":1,"column":223},"end":{"line":8,"column":1}}]}},"b":{"0":[1]},"fnMap":{"0":{"name":"(empty-report)","decl":{"start":{"line":1,"column":223},"end":{"line":8,"column":1}},"loc":{"start":{"line":1,"column":223},"end":{"line":8,"column":1}},"line":1}},"f":{"0":1}},"/Users/robsoto/Developer/Projects/PetLoveCommunity/petlovecommunity-web/src/lib/store/index.ts":{"path":"/Users/robsoto/Developer/Projects/PetLoveCommunity/petlovecommunity-web/src/lib/store/index.ts","all":true,"statementMap":{"0":{"start":{"line":1,"column":0},"end":{"line":1,"column":50}},"1":{"start":{"line":2,"column":0},"end":{"line":2,"column":56}},"2":{"start":{"line":3,"column":0},"end":{"line":3,"column":75}},"3":{"start":{"line":4,"column":0},"end":{"line":4,"column":75}},"4":{"start":{"line":5,"column":0},"end":{"line":5,"column":75}},"5":{"start":{"line":6,"column":0},"end":{"line":6,"column":39}},"6":{"start":{"line":7,"column":0},"end":{"line":7,"column":47}},"7":{"start":{"line":8,"column":0},"end":{"line":8,"column":57}},"8":{"start":{"line":9,"column":0},"end":{"line":9,"column":57}},"10":{"start":{"line":11,"column":0},"end":{"line":11,"column":37}},"11":{"start":{"line":12,"column":0},"end":{"line":12,"column":12}},"12":{"start":{"line":13,"column":0},"end":{"line":13,"column":34}},"13":{"start":{"line":14,"column":0},"end":{"line":14,"column":34}},"14":{"start":{"line":15,"column":0},"end":{"line":15,"column":41}},"15":{"start":{"line":16,"column":0},"end":{"line":16,"column":49}},"16":{"start":{"line":17,"column":0},"end":{"line":17,"column":4}},"17":{"start":{"line":18,"column":0},"end":{"line":18,"column":39}},"18":{"start":{"line":19,"column":0},"end":{"line":19,"column":26}},"19":{"start":{"line":20,"column":0},"end":{"line":20,"column":26}},"20":{"start":{"line":21,"column":0},"end":{"line":21,"column":70}},"21":{"start":{"line":22,"column":0},"end":{"line":22,"column":94}},"22":{"start":{"line":23,"column":0},"end":{"line":23,"column":8}},"23":{"start":{"line":24,"column":0},"end":{"line":24,"column":6}},"24":{"start":{"line":25,"column":0},"end":{"line":25,"column":36}},"25":{"start":{"line":26,"column":0},"end":{"line":26,"column":36}},"26":{"start":{"line":27,"column":0},"end":{"line":27,"column":36}},"27":{"start":{"line":28,"column":0},"end":{"line":28,"column":32}},"28":{"start":{"line":29,"column":0},"end":{"line":29,"column":37}},"29":{"start":{"line":30,"column":0},"end":{"line":30,"column":50}},"30":{"start":{"line":31,"column":0},"end":{"line":31,"column":3}},"32":{"start":{"line":33,"column":0},"end":{"line":33,"column":31}}},"s":{"0":0,"1":0,"2":0,"3":0,"4":0,"5":0,"6":0,"7":0,"8":0,"10":0,"11":0,"12":0,"13":0,"14":0,"15":0,"16":0,"17":0,"18":0,"19":0,"20":0,"21":0,"22":0,"23":0,"24":0,"25":0,"26":0,"27":0,"28":0,"29":0,"30":0,"32":0},"branchMap":{"0":{"type":"branch","line":1,"loc":{"start":{"line":1,"column":1413},"end":{"line":36,"column":48}},"locations":[{"start":{"line":1,"column":1413},"end":{"line":36,"column":48}}]}},"b":{"0":[0]},"fnMap":{"0":{"name":"(empty-report)","decl":{"start":{"line":1,"column":1413},"end":{"line":36,"column":48}},"loc":{"start":{"line":1,"column":1413},"end":{"line":36,"column":48}},"line":1}},"f":{"0":0}},"/Users/robsoto/Developer/Projects/PetLoveCommunity/petlovecommunity-web/src/types/design-system.ts":{"path":"/Users/robsoto/Developer/Projects/PetLoveCommunity/petlovecommunity-web/src/types/design-system.ts","all":true,"statementMap":{},"s":{},"branchMap":{"0":{"type":"branch","line":1,"loc":{"start":{"line":1,"column":1032},"end":{"line":40,"column":1}},"locations":[{"start":{"line":1,"column":1032},"end":{"line":40,"column":1}}]}},"b":{"0":[1]},"fnMap":{"0":{"name":"(empty-report)","decl":{"start":{"line":1,"column":1032},"end":{"line":40,"column":1}},"loc":{"start":{"line":1,"column":1032},"end":{"line":40,"column":1}},"line":1}},"f":{"0":1}},"/Users/robsoto/Developer/Projects/PetLoveCommunity/petlovecommunity-web/src/types/enterprise.ts":{"path":"/Users/robsoto/Developer/Projects/PetLoveCommunity/petlovecommunity-web/src/types/enterprise.ts","all":true,"statementMap":{},"s":{},"branchMap":{"0":{"type":"branch","line":1,"loc":{"start":{"line":1,"column":1177},"end":{"line":59,"column":1}},"locations":[{"start":{"line":1,"column":1177},"end":{"line":59,"column":1}}]}},"b":{"0":[1]},"fnMap":{"0":{"name":"(empty-report)","decl":{"start":{"line":1,"column":1177},"end":{"line":59,"column":1}},"loc":{"start":{"line":1,"column":1177},"end":{"line":59,"column":1}},"line":1}},"f":{"0":1}},"/Users/robsoto/Developer/Projects/PetLoveCommunity/petlovecommunity-web/src/types/signalr.ts":{"path":"/Users/robsoto/Developer/Projects/PetLoveCommunity/petlovecommunity-web/src/types/signalr.ts","all":true,"statementMap":{},"s":{},"branchMap":{"0":{"type":"branch","line":1,"loc":{"start":{"line":1,"column":808},"end":{"line":25,"column":1}},"locations":[{"start":{"line":1,"column":808},"end":{"line":25,"column":1}}]}},"b":{"0":[1]},"fnMap":{"0":{"name":"(empty-report)","decl":{"start":{"line":1,"column":808},"end":{"line":25,"column":1}},"loc":{"start":{"line":1,"column":808},"end":{"line":25,"column":1}},"line":1}},"f":{"0":1}},"/Users/robsoto/Developer/Projects/PetLoveCommunity/petlovecommunity-web/.next/static/development/_buildManifest.js":{"path":"/Users/robsoto/Developer/Projects/PetLoveCommunity/petlovecommunity-web/.next/static/development/_buildManifest.js","all":true,"statementMap":{"0":{"start":{"line":1,"column":0},"end":{"line":1,"column":161}}},"s":{"0":0},"branchMap":{"0":{"type":"branch","line":1,"loc":{"start":{"line":1,"column":0},"end":{"line":1,"column":161}},"locations":[{"start":{"line":1,"column":0},"end":{"line":1,"column":161}}]}},"b":{"0":[0]},"fnMap":{"0":{"name":"(empty-report)","decl":{"start":{"line":1,"column":0},"end":{"line":1,"column":161}},"loc":{"start":{"line":1,"column":0},"end":{"line":1,"column":161}},"line":1}},"f":{"0":0}},"/Users/robsoto/Developer/Projects/PetLoveCommunity/petlovecommunity-web/.next/static/development/_ssgManifest.js":{"path":"/Users/robsoto/Developer/Projects/PetLoveCommunity/petlovecommunity-web/.next/static/development/_ssgManifest.js","all":true,"statementMap":{"0":{"start":{"line":1,"column":0},"end":{"line":1,"column":76}}},"s":{"0":0},"branchMap":{"0":{"type":"branch","line":1,"loc":{"start":{"line":1,"column":0},"end":{"line":1,"column":76}},"locations":[{"start":{"line":1,"column":0},"end":{"line":1,"column":76}}]}},"b":{"0":[0]},"fnMap":{"0":{"name":"(empty-report)","decl":{"start":{"line":1,"column":0},"end":{"line":1,"column":76}},"loc":{"start":{"line":1,"column":0},"end":{"line":1,"column":76}},"line":1}},"f":{"0":0}},"/Users/robsoto/Developer/Projects/PetLoveCommunity/petlovecommunity-web/src/lib/api/serviceApi.ts":{"path":"/Users/robsoto/Developer/Projects/PetLoveCommunity/petlovecommunity-web/src/lib/api/serviceApi.ts","all":true,"statementMap":{"0":{"start":{"line":1,"column":0},"end":{"line":1,"column":73}},"3":{"start":{"line":4,"column":0},"end":{"line":4,"column":37}},"4":{"start":{"line":5,"column":0},"end":{"line":5,"column":28}},"5":{"start":{"line":6,"column":0},"end":{"line":6,"column":29}},"6":{"start":{"line":7,"column":0},"end":{"line":7,"column":115}},"7":{"start":{"line":8,"column":0},"end":{"line":8,"column":48}},"8":{"start":{"line":9,"column":0},"end":{"line":9,"column":44}},"9":{"start":{"line":10,"column":0},"end":{"line":10,"column":75}},"10":{"start":{"line":11,"column":0},"end":{"line":11,"column":67}},"13":{"start":{"line":14,"column":0},"end":{"line":14,"column":53}},"14":{"start":{"line":15,"column":0},"end":{"line":15,"column":45}},"15":{"start":{"line":16,"column":0},"end":{"line":16,"column":56}},"17":{"start":{"line":18,"column":0},"end":{"line":18,"column":52}},"18":{"start":{"line":19,"column":0},"end":{"line":19,"column":74}},"19":{"start":{"line":20,"column":0},"end":{"line":20,"column":7}},"21":{"start":{"line":22,"column":0},"end":{"line":22,"column":21}},"22":{"start":{"line":23,"column":0},"end":{"line":23,"column":6}},"23":{"start":{"line":24,"column":0},"end":{"line":24,"column":5}},"24":{"start":{"line":25,"column":0},"end":{"line":25,"column":35}},"25":{"start":{"line":26,"column":0},"end":{"line":26,"column":28}},"27":{"start":{"line":28,"column":0},"end":{"line":28,"column":45}},"28":{"start":{"line":29,"column":0},"end":{"line":29,"column":22}},"29":{"start":{"line":30,"column":0},"end":{"line":30,"column":32}},"30":{"start":{"line":31,"column":0},"end":{"line":31,"column":7}},"31":{"start":{"line":32,"column":0},"end":{"line":32,"column":5}},"32":{"start":{"line":33,"column":0},"end":{"line":33,"column":3}}},"s":{"0":0,"3":0,"4":0,"5":0,"6":0,"7":0,"8":0,"9":0,"10":0,"13":0,"14":0,"15":0,"17":0,"18":0,"19":0,"21":0,"22":0,"23":0,"24":0,"25":0,"27":0,"28":0,"29":0,"30":0,"31":0,"32":0},"branchMap":{"0":{"type":"branch","line":1,"loc":{"start":{"line":1,"column":1205},"end":{"line":33,"column":3}},"locations":[{"start":{"line":1,"column":1205},"end":{"line":33,"column":3}}]}},"b":{"0":[0]},"fnMap":{"0":{"name":"(empty-report)","decl":{"start":{"line":1,"column":1205},"end":{"line":33,"column":3}},"loc":{"start":{"line":1,"column":1205},"end":{"line":33,"column":3}},"line":1}},"f":{"0":0}},"/Users/robsoto/Developer/Projects/PetLoveCommunity/petlovecommunity-web/src/lib/api/petApi.ts":{"path":"/Users/robsoto/Developer/Projects/PetLoveCommunity/petlovecommunity-web/src/lib/api/petApi.ts","all":true,"statementMap":{"0":{"start":{"line":1,"column":0},"end":{"line":1,"column":73}},"3":{"start":{"line":4,"column":0},"end":{"line":4,"column":33}},"4":{"start":{"line":5,"column":0},"end":{"line":5,"column":24}},"5":{"start":{"line":6,"column":0},"end":{"line":6,"column":29}},"6":{"start":{"line":7,"column":0},"end":{"line":7,"column":107}},"7":{"start":{"line":8,"column":0},"end":{"line":8,"column":48}},"8":{"start":{"line":9,"column":0},"end":{"line":9,"column":44}},"9":{"start":{"line":10,"column":0},"end":{"line":10,"column":75}},"10":{"start":{"line":11,"column":0},"end":{"line":11,"column":67}},"13":{"start":{"line":14,"column":0},"end":{"line":14,"column":53}},"14":{"start":{"line":15,"column":0},"end":{"line":15,"column":45}},"15":{"start":{"line":16,"column":0},"end":{"line":16,"column":56}},"17":{"start":{"line":18,"column":0},"end":{"line":18,"column":52}},"18":{"start":{"line":19,"column":0},"end":{"line":19,"column":74}},"19":{"start":{"line":20,"column":0},"end":{"line":20,"column":7}},"21":{"start":{"line":22,"column":0},"end":{"line":22,"column":21}},"22":{"start":{"line":23,"column":0},"end":{"line":23,"column":6}},"23":{"start":{"line":24,"column":0},"end":{"line":24,"column":5}},"24":{"start":{"line":25,"column":0},"end":{"line":25,"column":32}},"25":{"start":{"line":26,"column":0},"end":{"line":26,"column":28}},"27":{"start":{"line":28,"column":0},"end":{"line":28,"column":41}},"28":{"start":{"line":29,"column":0},"end":{"line":29,"column":22}},"29":{"start":{"line":30,"column":0},"end":{"line":30,"column":28}},"30":{"start":{"line":31,"column":0},"end":{"line":31,"column":7}},"31":{"start":{"line":32,"column":0},"end":{"line":32,"column":5}},"32":{"start":{"line":33,"column":0},"end":{"line":33,"column":3}}},"s":{"0":0,"3":0,"4":0,"5":0,"6":0,"7":0,"8":0,"9":0,"10":0,"13":0,"14":0,"15":0,"17":0,"18":0,"19":0,"21":0,"22":0,"23":0,"24":0,"25":0,"27":0,"28":0,"29":0,"30":0,"31":0,"32":0},"branchMap":{"0":{"type":"branch","line":1,"loc":{"start":{"line":1,"column":1174},"end":{"line":33,"column":3}},"locations":[{"start":{"line":1,"column":1174},"end":{"line":33,"column":3}}]}},"b":{"0":[0]},"fnMap":{"0":{"name":"(empty-report)","decl":{"start":{"line":1,"column":1174},"end":{"line":33,"column":3}},"loc":{"start":{"line":1,"column":1174},"end":{"line":33,"column":3}},"line":1}},"f":{"0":0}},"/Users/robsoto/Developer/Projects/PetLoveCommunity/petlovecommunity-web/src/lib/services/index.ts":{"path":"/Users/robsoto/Developer/Projects/PetLoveCommunity/petlovecommunity-web/src/lib/services/index.ts","all":true,"statementMap":{"3":{"start":{"line":4,"column":0},"end":{"line":4,"column":58}},"4":{"start":{"line":5,"column":0},"end":{"line":5,"column":58}},"5":{"start":{"line":6,"column":0},"end":{"line":6,"column":74}},"12":{"start":{"line":13,"column":0},"end":{"line":13,"column":35}},"14":{"start":{"line":15,"column":0},"end":{"line":15,"column":58}},"15":{"start":{"line":16,"column":0},"end":{"line":16,"column":56}},"16":{"start":{"line":17,"column":0},"end":{"line":17,"column":62}},"19":{"start":{"line":20,"column":0},"end":{"line":20,"column":61}},"20":{"start":{"line":21,"column":0},"end":{"line":21,"column":57}},"23":{"start":{"line":24,"column":0},"end":{"line":24,"column":64}},"26":{"start":{"line":27,"column":0},"end":{"line":27,"column":34}},"27":{"start":{"line":28,"column":0},"end":{"line":28,"column":35}},"28":{"start":{"line":29,"column":0},"end":{"line":29,"column":40}},"29":{"start":{"line":30,"column":0},"end":{"line":30,"column":2}},"32":{"start":{"line":33,"column":0},"end":{"line":33,"column":45}},"34":{"start":{"line":35,"column":0},"end":{"line":35,"column":42}},"35":{"start":{"line":36,"column":0},"end":{"line":36,"column":66}},"36":{"start":{"line":37,"column":0},"end":{"line":37,"column":3}},"38":{"start":{"line":39,"column":0},"end":{"line":39,"column":104}},"39":{"start":{"line":40,"column":0},"end":{"line":40,"column":1}}},"s":{"3":0,"4":0,"5":0,"12":0,"14":0,"15":0,"16":0,"19":0,"20":0,"23":0,"26":0,"27":0,"28":0,"29":0,"32":0,"34":0,"35":0,"36":0,"38":0,"39":0},"branchMap":{"0":{"type":"branch","line":1,"loc":{"start":{"line":1,"column":1607},"end":{"line":40,"column":1}},"locations":[{"start":{"line":1,"column":1607},"end":{"line":40,"column":1}}]}},"b":{"0":[1]},"fnMap":{"0":{"name":"(empty-report)","decl":{"start":{"line":1,"column":1607},"end":{"line":40,"column":1}},"loc":{"start":{"line":1,"column":1607},"end":{"line":40,"column":1}},"line":1}},"f":{"0":1}},"/Users/robsoto/Developer/Projects/PetLoveCommunity/petlovecommunity-web/src/lib/store/middleware/transactionMiddleware.ts":{"path":"/Users/robsoto/Developer/Projects/PetLoveCommunity/petlovecommunity-web/src/lib/store/middleware/transactionMiddleware.ts","all":true,"statementMap":{"8":{"start":{"line":9,"column":0},"end":{"line":9,"column":49}},"9":{"start":{"line":10,"column":0},"end":{"line":10,"column":55}},"11":{"start":{"line":12,"column":0},"end":{"line":12,"column":62}},"12":{"start":{"line":13,"column":0},"end":{"line":13,"column":44}},"13":{"start":{"line":14,"column":0},"end":{"line":14,"column":77}},"15":{"start":{"line":16,"column":0},"end":{"line":16,"column":51}},"16":{"start":{"line":17,"column":0},"end":{"line":17,"column":53}},"17":{"start":{"line":18,"column":0},"end":{"line":18,"column":24}},"18":{"start":{"line":19,"column":0},"end":{"line":19,"column":34}},"19":{"start":{"line":20,"column":0},"end":{"line":20,"column":32}},"20":{"start":{"line":21,"column":0},"end":{"line":21,"column":11}},"21":{"start":{"line":22,"column":0},"end":{"line":22,"column":7}},"22":{"start":{"line":23,"column":0},"end":{"line":23,"column":5}},"24":{"start":{"line":25,"column":0},"end":{"line":25,"column":24}},"25":{"start":{"line":26,"column":0},"end":{"line":26,"column":4}}},"s":{"8":0,"9":0,"11":0,"12":0,"13":0,"15":0,"16":0,"17":0,"18":0,"19":0,"20":0,"21":0,"22":0,"24":0,"25":0},"branchMap":{"0":{"type":"branch","line":1,"loc":{"start":{"line":1,"column":736},"end":{"line":26,"column":4}},"locations":[{"start":{"line":1,"column":736},"end":{"line":26,"column":4}}]}},"b":{"0":[1]},"fnMap":{"0":{"name":"(empty-report)","decl":{"start":{"line":1,"column":736},"end":{"line":26,"column":4}},"loc":{"start":{"line":1,"column":736},"end":{"line":26,"column":4}},"line":1}},"f":{"0":1}},"/Users/robsoto/Developer/Projects/PetLoveCommunity/petlovecommunity-web/.next/static/chunks/polyfills.js":{"path":"/Users/robsoto/Developer/Projects/PetLoveCommunity/petlovecommunity-web/.next/static/chunks/polyfills.js","all":true,"statementMap":{"0":{"start":{"line":1,"column":0},"end":{"line":1,"column":112540}}},"s":{"0":0},"branchMap":{"0":{"type":"branch","line":1,"loc":{"start":{"line":1,"column":0},"end":{"line":1,"column":112413}},"locations":[{"start":{"line":1,"column":0},"end":{"line":1,"column":112413}}]}},"b":{"0":[0]},"fnMap":{"0":{"name":"(empty-report)","decl":{"start":{"line":1,"column":0},"end":{"line":1,"column":112413}},"loc":{"start":{"line":1,"column":0},"end":{"line":1,"column":112413}},"line":1}},"f":{"0":0}}}}